<?xml version="1.0" encoding="UTF-8"?>
<testsuite xmlns:xsi="http://www.w3.org/2001/XMLSchema-instance" xsi:noNamespaceSchemaLocation="https://maven.apache.org/surefire/maven-surefire-plugin/xsd/surefire-test-report-3.0.xsd" version="3.0" name="co.com.neoris.users.ClientAdapterTest" time="6.417" tests="3" errors="0" skipped="0" failures="0">
  <properties>
[...]
</properties>
  <testcase name="existsClientByFullNameTest" classname="co.com.neoris.users.ClientAdapterTest" time="0.751">
    <system-out><![CDATA[
  .   ____          _            __ _ _
 /\\ / ___'_ __ _ _(_)_ __  __ _ \ \ \ \
( ( )\___ | '_ | '_| | '_ \/ _` | \ \ \ \
 \\/  ___)| |_)| | | | | || (_| |  ) ) ) )
  '  |____| .__|_| |_|_| |_\__, | / / / /
 =========|_|==============|___/=/_/_/_/
 :: Spring Boot ::                (v3.1.3)

2023-09-05T06:48:58.666+02:00  INFO 26936 --- [           main] co.com.neoris.users.ClientAdapterTest    : Starting ClientAdapterTest using Java 17.0.7 with PID 26936 (started by santi in D:\NEORIS\Prueba-Tecnica\user-manager-parent\infra\persistence\db-manager-model)
2023-09-05T06:48:58.670+02:00  INFO 26936 --- [           main] co.com.neoris.users.ClientAdapterTest    : The following 1 profile is active: "test"
2023-09-05T06:48:59.234+02:00  INFO 26936 --- [           main] .s.d.r.c.RepositoryConfigurationDelegate : Bootstrapping Spring Data JPA repositories in DEFAULT mode.
2023-09-05T06:48:59.278+02:00  INFO 26936 --- [           main] .s.d.r.c.RepositoryConfigurationDelegate : Finished Spring Data repository scanning in 35 ms. Found 1 JPA repository interfaces.
2023-09-05T06:48:59.913+02:00  INFO 26936 --- [           main] com.zaxxer.hikari.HikariDataSource       : HikariPool-1 - Starting...
2023-09-05T06:49:00.160+02:00  INFO 26936 --- [           main] com.zaxxer.hikari.pool.HikariPool        : HikariPool-1 - Added connection conn0: url=jdbc:h2:mem:testdb user=SA
2023-09-05T06:49:00.161+02:00  INFO 26936 --- [           main] com.zaxxer.hikari.HikariDataSource       : HikariPool-1 - Start completed.
2023-09-05T06:49:00.246+02:00  INFO 26936 --- [           main] o.hibernate.jpa.internal.util.LogHelper  : HHH000204: Processing PersistenceUnitInfo [name: default]
2023-09-05T06:49:00.329+02:00  INFO 26936 --- [           main] org.hibernate.Version                    : HHH000412: Hibernate ORM core version 6.2.7.Final
2023-09-05T06:49:00.332+02:00  INFO 26936 --- [           main] org.hibernate.cfg.Environment            : HHH000406: Using bytecode reflection optimizer
2023-09-05T06:49:00.555+02:00  INFO 26936 --- [           main] o.h.b.i.BytecodeProviderInitiator        : HHH000021: Bytecode provider name : bytebuddy
2023-09-05T06:49:00.731+02:00  INFO 26936 --- [           main] o.s.o.j.p.SpringPersistenceUnitInfo      : No LoadTimeWeaver setup: ignoring JPA class transformer
2023-09-05T06:49:00.991+02:00  INFO 26936 --- [           main] o.h.b.i.BytecodeProviderInitiator        : HHH000021: Bytecode provider name : bytebuddy
2023-09-05T06:49:01.551+02:00  INFO 26936 --- [           main] o.h.e.t.j.p.i.JtaPlatformInitiator       : HHH000490: Using JtaPlatform implementation: [org.hibernate.engine.transaction.jta.platform.internal.NoJtaPlatform]
Hibernate: drop table if exists client cascade 
Hibernate: drop table if exists person cascade 
Hibernate: create table client (status boolean, aud_created_at timestamp(6) with time zone, aud_updated_at timestamp(6) with time zone, id bigint generated by default as identity, person_id bigint unique, password varchar(255), primary key (id))
Hibernate: create table person (age integer, aud_created_at timestamp(6) with time zone, aud_updated_at timestamp(6) with time zone, id bigint generated by default as identity, address varchar(255), full_name varchar(255), gender varchar(255), id_number varchar(255), phone varchar(255), primary key (id))
Hibernate: alter table if exists client add constraint FKkxflpsue6s9kscgmuwt7ob1f3 foreign key (person_id) references person
2023-09-05T06:49:01.596+02:00  INFO 26936 --- [           main] j.LocalContainerEntityManagerFactoryBean : Initialized JPA EntityManagerFactory for persistence unit 'default'
2023-09-05T06:49:02.468+02:00  WARN 26936 --- [           main] JpaBaseConfiguration$JpaWebConfiguration : spring.jpa.open-in-view is enabled by default. Therefore, database queries may be performed during view rendering. Explicitly configure spring.jpa.open-in-view to disable this warning
2023-09-05T06:49:03.434+02:00  INFO 26936 --- [           main] co.com.neoris.users.ClientAdapterTest    : Started ClientAdapterTest in 5.137 seconds (process running for 6.081)
2023-09-05T06:49:03.970+02:00  INFO 26936 --- [           main] c.c.neoris.users.adapters.ClientAdapter  : ?------- Create New Client --------?
2023-09-05T06:49:03.983+02:00  INFO 26936 --- [           main] c.c.neoris.users.adapters.ClientAdapter  : ClientEntity(id=1, password=5678, status=true, audCreatedAt=null, audUpdatedAt=null, person=PersonEntity(id=null, fullName=Marianela Montalvo, gender=F, age=null, idNumber=1973546, address=Amazonas y NNUU, phone=097548965, audCreatedAt=null, audUpdatedAt=null))
Hibernate: select c1_0.id,c1_0.aud_created_at,c1_0.aud_updated_at,c1_0.password,p1_0.id,p1_0.address,p1_0.age,p1_0.aud_created_at,p1_0.aud_updated_at,p1_0.full_name,p1_0.gender,p1_0.id_number,p1_0.phone,c1_0.status from client c1_0 left join person p1_0 on p1_0.id=c1_0.person_id where c1_0.id=?
Hibernate: insert into person (address,age,aud_created_at,aud_updated_at,full_name,gender,id_number,phone,id) values (?,?,?,?,?,?,?,?,default)
Hibernate: insert into client (aud_created_at,aud_updated_at,password,person_id,status,id) values (?,?,?,?,?,default)
Hibernate: select c1_0.id from client c1_0 left join person p1_0 on p1_0.id=c1_0.person_id where p1_0.full_name=? fetch first ? rows only
]]></system-out>
  </testcase>
  <testcase name="getClientByClientFullNameTest" classname="co.com.neoris.users.ClientAdapterTest" time="0.072">
    <system-out><![CDATA[2023-09-05T06:49:04.238+02:00  INFO 26936 --- [           main] c.c.neoris.users.adapters.ClientAdapter  : ?------- Create New Client --------?
2023-09-05T06:49:04.239+02:00  INFO 26936 --- [           main] c.c.neoris.users.adapters.ClientAdapter  : ClientEntity(id=1, password=5678, status=true, audCreatedAt=null, audUpdatedAt=null, person=PersonEntity(id=null, fullName=Marianela Montalvo, gender=F, age=null, idNumber=1973546, address=Amazonas y NNUU, phone=097548965, audCreatedAt=null, audUpdatedAt=null))
Hibernate: select c1_0.id,c1_0.aud_created_at,c1_0.aud_updated_at,c1_0.password,p1_0.id,p1_0.address,p1_0.age,p1_0.aud_created_at,p1_0.aud_updated_at,p1_0.full_name,p1_0.gender,p1_0.id_number,p1_0.phone,c1_0.status from client c1_0 left join person p1_0 on p1_0.id=c1_0.person_id where c1_0.id=?
Hibernate: insert into person (address,age,aud_created_at,aud_updated_at,full_name,gender,id_number,phone,id) values (?,?,?,?,?,?,?,?,default)
Hibernate: update client set aud_created_at=?,aud_updated_at=?,password=?,person_id=?,status=? where id=?
Hibernate: select c1_0.id,c1_0.aud_created_at,c1_0.aud_updated_at,c1_0.password,c1_0.person_id,c1_0.status from client c1_0 left join person p1_0 on p1_0.id=c1_0.person_id where p1_0.full_name=?
Hibernate: select p1_0.id,p1_0.address,p1_0.age,p1_0.aud_created_at,p1_0.aud_updated_at,p1_0.full_name,p1_0.gender,p1_0.id_number,p1_0.phone from person p1_0 where p1_0.id=?
Hibernate: select c1_0.id,c1_0.aud_created_at,c1_0.aud_updated_at,c1_0.password,c1_0.person_id,c1_0.status from client c1_0
Hibernate: select p1_0.id,p1_0.address,p1_0.age,p1_0.aud_created_at,p1_0.aud_updated_at,p1_0.full_name,p1_0.gender,p1_0.id_number,p1_0.phone from person p1_0 where p1_0.id=?
Hibernate: delete from client where id=?
Hibernate: delete from person where id=?
]]></system-out>
  </testcase>
  <testcase name="getClientByClientIdNumberTest" classname="co.com.neoris.users.ClientAdapterTest" time="0.014">
    <system-out><![CDATA[2023-09-05T06:49:04.311+02:00  INFO 26936 --- [           main] c.c.neoris.users.adapters.ClientAdapter  : ?------- Create New Client --------?
2023-09-05T06:49:04.311+02:00  INFO 26936 --- [           main] c.c.neoris.users.adapters.ClientAdapter  : ClientEntity(id=1, password=5678, status=true, audCreatedAt=null, audUpdatedAt=null, person=PersonEntity(id=null, fullName=Marianela Montalvo, gender=F, age=null, idNumber=1973546, address=Amazonas y NNUU, phone=097548965, audCreatedAt=null, audUpdatedAt=null))
Hibernate: select c1_0.id,c1_0.aud_created_at,c1_0.aud_updated_at,c1_0.password,p1_0.id,p1_0.address,p1_0.age,p1_0.aud_created_at,p1_0.aud_updated_at,p1_0.full_name,p1_0.gender,p1_0.id_number,p1_0.phone,c1_0.status from client c1_0 left join person p1_0 on p1_0.id=c1_0.person_id where c1_0.id=?
Hibernate: insert into person (address,age,aud_created_at,aud_updated_at,full_name,gender,id_number,phone,id) values (?,?,?,?,?,?,?,?,default)
Hibernate: insert into client (aud_created_at,aud_updated_at,password,person_id,status,id) values (?,?,?,?,?,default)
Hibernate: select c1_0.id,c1_0.aud_created_at,c1_0.aud_updated_at,c1_0.password,c1_0.person_id,c1_0.status from client c1_0 left join person p1_0 on p1_0.id=c1_0.person_id where p1_0.id_number=?
Hibernate: select p1_0.id,p1_0.address,p1_0.age,p1_0.aud_created_at,p1_0.aud_updated_at,p1_0.full_name,p1_0.gender,p1_0.id_number,p1_0.phone from person p1_0 where p1_0.id=?
Hibernate: select c1_0.id,c1_0.aud_created_at,c1_0.aud_updated_at,c1_0.password,c1_0.person_id,c1_0.status from client c1_0
Hibernate: select p1_0.id,p1_0.address,p1_0.age,p1_0.aud_created_at,p1_0.aud_updated_at,p1_0.full_name,p1_0.gender,p1_0.id_number,p1_0.phone from person p1_0 where p1_0.id=?
Hibernate: delete from client where id=?
Hibernate: delete from person where id=?
]]></system-out>
  </testcase>
</testsuite>